\BOOKMARK [1][-]{section.1}{Data Structures}{}% 1
\BOOKMARK [2][-]{subsection.1.1}{Color Update}{section.1}% 2
\BOOKMARK [2][-]{subsection.1.2}{Persistent seg tree}{section.1}% 3
\BOOKMARK [2][-]{subsection.1.3}{Seg tree}{section.1}% 4
\BOOKMARK [2][-]{subsection.1.4}{Sparse table}{section.1}% 5
\BOOKMARK [2][-]{subsection.1.5}{Sqrt}{section.1}% 6
\BOOKMARK [2][-]{subsection.1.6}{Treap}{section.1}% 7
\BOOKMARK [1][-]{section.2}{Graph Algorithms}{}% 8
\BOOKMARK [2][-]{subsection.2.1}{arborescence}{section.2}% 9
\BOOKMARK [2][-]{subsection.2.2}{Centroid Decomposition}{section.2}% 10
\BOOKMARK [1][-]{section.3}{Dynamic Programming}{}% 11
\BOOKMARK [2][-]{subsection.3.1}{CHT}{section.3}% 12
\BOOKMARK [2][-]{subsection.3.2}{Slope Trick}{section.3}% 13
\BOOKMARK [1][-]{section.4}{Math}{}% 14
\BOOKMARK [2][-]{subsection.4.1}{Dirichlet Convolution}{section.4}% 15
\BOOKMARK [2][-]{subsection.4.2}{Miller and Rho}{section.4}% 16
\BOOKMARK [1][-]{section.5}{String Algorithms}{}% 17
\BOOKMARK [2][-]{subsection.5.1}{Hash}{section.5}% 18
\BOOKMARK [2][-]{subsection.5.2}{Kmp Automaton}{section.5}% 19
\BOOKMARK [1][-]{section.6}{Miscellaneous}{}% 20
\BOOKMARK [2][-]{subsection.6.1}{Operations}{section.6}% 21
\BOOKMARK [2][-]{subsection.6.2}{Count Inversions}{section.6}% 22
\BOOKMARK [1][-]{section.7}{Teoremas e formulas uteis}{}% 23
\BOOKMARK [2][-]{subsection.7.1}{Teoremas}{section.7}% 24
